<?xml version="1.0" encoding="UTF-8"?>
<testsuite name="br.com.bycoders.port.adapters.controller.CnabUploadControllerTest" tests="2" skipped="0" failures="0" errors="0" timestamp="2023-03-31T19:56:46" hostname="bruno-B450-AORUS-M" time="0.247">
  <properties/>
  <testcase name="mustUploadSuccessfully()" classname="br.com.bycoders.port.adapters.controller.CnabUploadControllerTest" time="0.24"/>
  <testcase name="whenUploadEmptyFileShouldNotExecute()" classname="br.com.bycoders.port.adapters.controller.CnabUploadControllerTest" time="0.005"/>
  <system-out><![CDATA[16:56:45.692 [Test worker] DEBUG org.springframework.test.context.BootstrapUtils - Instantiating CacheAwareContextLoaderDelegate from class [org.springframework.test.context.cache.DefaultCacheAwareContextLoaderDelegate]
16:56:45.698 [Test worker] DEBUG org.springframework.test.context.BootstrapUtils - Instantiating BootstrapContext using constructor [public org.springframework.test.context.support.DefaultBootstrapContext(java.lang.Class,org.springframework.test.context.CacheAwareContextLoaderDelegate)]
16:56:45.718 [Test worker] DEBUG org.springframework.test.context.BootstrapUtils - Instantiating TestContextBootstrapper for test class [br.com.bycoders.port.adapters.controller.CnabUploadControllerTest] from class [org.springframework.boot.test.autoconfigure.web.servlet.WebMvcTestContextBootstrapper]
16:56:45.724 [Test worker] INFO org.springframework.boot.test.autoconfigure.web.servlet.WebMvcTestContextBootstrapper - Neither @ContextConfiguration nor @ContextHierarchy found for test class [br.com.bycoders.port.adapters.controller.CnabUploadControllerTest], using SpringBootContextLoader
16:56:45.726 [Test worker] DEBUG org.springframework.test.context.support.AbstractContextLoader - Did not detect default resource location for test class [br.com.bycoders.port.adapters.controller.CnabUploadControllerTest]: class path resource [br/com/bycoders/port/adapters/controller/CnabUploadControllerTest-context.xml] does not exist
16:56:45.727 [Test worker] DEBUG org.springframework.test.context.support.AbstractContextLoader - Did not detect default resource location for test class [br.com.bycoders.port.adapters.controller.CnabUploadControllerTest]: class path resource [br/com/bycoders/port/adapters/controller/CnabUploadControllerTestContext.groovy] does not exist
16:56:45.727 [Test worker] INFO org.springframework.test.context.support.AbstractContextLoader - Could not detect default resource locations for test class [br.com.bycoders.port.adapters.controller.CnabUploadControllerTest]: no resource found for suffixes {-context.xml, Context.groovy}.
16:56:45.727 [Test worker] INFO org.springframework.test.context.support.AnnotationConfigContextLoaderUtils - Could not detect default configuration classes for test class [br.com.bycoders.port.adapters.controller.CnabUploadControllerTest]: CnabUploadControllerTest does not declare any static, non-private, non-final, nested classes annotated with @Configuration.
16:56:45.762 [Test worker] DEBUG org.springframework.test.context.support.ActiveProfilesUtils - Could not find an 'annotation declaring class' for annotation type [org.springframework.test.context.ActiveProfiles] and class [br.com.bycoders.port.adapters.controller.CnabUploadControllerTest]
16:56:45.792 [Test worker] DEBUG org.springframework.context.annotation.ClassPathScanningCandidateComponentProvider - Identified candidate component class: file [/home/bruno/Área de Trabalho/desafio-dev/build/classes/java/main/br/com/bycoders/CnabServiceApplication.class]
16:56:45.793 [Test worker] INFO org.springframework.boot.test.context.SpringBootTestContextBootstrapper - Found @SpringBootConfiguration br.com.bycoders.CnabServiceApplication for test class br.com.bycoders.port.adapters.controller.CnabUploadControllerTest
16:56:45.794 [Test worker] DEBUG org.springframework.boot.test.autoconfigure.web.servlet.WebMvcTestContextBootstrapper - @TestExecutionListeners is not present for class [br.com.bycoders.port.adapters.controller.CnabUploadControllerTest]: using defaults.
16:56:45.794 [Test worker] INFO org.springframework.boot.test.autoconfigure.web.servlet.WebMvcTestContextBootstrapper - Loaded default TestExecutionListener class names from location [META-INF/spring.factories]: [org.springframework.boot.test.autoconfigure.restdocs.RestDocsTestExecutionListener, org.springframework.boot.test.autoconfigure.web.client.MockRestServiceServerResetTestExecutionListener, org.springframework.boot.test.autoconfigure.web.servlet.MockMvcPrintOnlyOnFailureTestExecutionListener, org.springframework.boot.test.autoconfigure.web.servlet.WebDriverTestExecutionListener, org.springframework.boot.test.autoconfigure.webservices.client.MockWebServiceServerTestExecutionListener, org.springframework.boot.test.mock.mockito.MockitoTestExecutionListener, org.springframework.boot.test.mock.mockito.ResetMocksTestExecutionListener, org.springframework.test.context.web.ServletTestExecutionListener, org.springframework.test.context.support.DirtiesContextBeforeModesTestExecutionListener, org.springframework.test.context.event.ApplicationEventsTestExecutionListener, org.springframework.test.context.support.DependencyInjectionTestExecutionListener, org.springframework.test.context.support.DirtiesContextTestExecutionListener, org.springframework.test.context.transaction.TransactionalTestExecutionListener, org.springframework.test.context.jdbc.SqlScriptsTestExecutionListener, org.springframework.test.context.event.EventPublishingTestExecutionListener]
16:56:45.802 [Test worker] INFO org.springframework.boot.test.autoconfigure.web.servlet.WebMvcTestContextBootstrapper - Using TestExecutionListeners: [org.springframework.test.context.web.ServletTestExecutionListener@7f1ef916, org.springframework.test.context.support.DirtiesContextBeforeModesTestExecutionListener@1886991b, org.springframework.test.context.event.ApplicationEventsTestExecutionListener@64aad809, org.springframework.boot.test.mock.mockito.MockitoTestExecutionListener@1f03fba0, org.springframework.boot.test.autoconfigure.SpringBootDependencyInjectionTestExecutionListener@17dd671f, org.springframework.test.context.support.DirtiesContextTestExecutionListener@3bbf6abe, org.springframework.test.context.transaction.TransactionalTestExecutionListener@9679750, org.springframework.test.context.jdbc.SqlScriptsTestExecutionListener@9b9a327, org.springframework.test.context.event.EventPublishingTestExecutionListener@75a0c890, org.springframework.boot.test.autoconfigure.restdocs.RestDocsTestExecutionListener@358ab600, org.springframework.boot.test.autoconfigure.web.client.MockRestServiceServerResetTestExecutionListener@e26af6, org.springframework.boot.test.autoconfigure.web.servlet.MockMvcPrintOnlyOnFailureTestExecutionListener@44065156, org.springframework.boot.test.autoconfigure.web.servlet.WebDriverTestExecutionListener@3791f50e, org.springframework.boot.test.autoconfigure.webservices.client.MockWebServiceServerTestExecutionListener@574b7f4a, org.springframework.boot.test.mock.mockito.ResetMocksTestExecutionListener@44ed0a8f]
16:56:45.804 [Test worker] DEBUG org.springframework.test.context.support.AbstractDirtiesContextTestExecutionListener - Before test class: context [DefaultTestContext@5a75ec37 testClass = CnabUploadControllerTest, testInstance = [null], testMethod = [null], testException = [null], mergedContextConfiguration = [WebMergedContextConfiguration@2c05ff9d testClass = CnabUploadControllerTest, locations = '{}', classes = '{class br.com.bycoders.CnabServiceApplication}', contextInitializerClasses = '[]', activeProfiles = '{}', propertySourceLocations = '{}', propertySourceProperties = '{org.springframework.boot.test.autoconfigure.web.servlet.WebMvcTestContextBootstrapper=true}', contextCustomizers = set[org.springframework.boot.test.autoconfigure.OverrideAutoConfigurationContextCustomizerFactory$DisableAutoConfigurationContextCustomizer@4339baec, org.springframework.boot.test.autoconfigure.actuate.metrics.MetricsExportContextCustomizerFactory$DisableMetricExportContextCustomizer@52e04737, org.springframework.boot.test.autoconfigure.filter.TypeExcludeFiltersContextCustomizer@e9833619, org.springframework.boot.test.autoconfigure.properties.PropertyMappingContextCustomizer@1b6892c9, org.springframework.boot.test.autoconfigure.web.servlet.WebDriverContextCustomizerFactory$Customizer@4c6007fb, [ImportsContextCustomizer@33956d1a key = [org.springframework.boot.autoconfigure.cache.CacheAutoConfiguration, org.springframework.boot.autoconfigure.context.MessageSourceAutoConfiguration, org.springframework.boot.autoconfigure.data.web.SpringDataWebAutoConfiguration, org.springframework.boot.autoconfigure.freemarker.FreeMarkerAutoConfiguration, org.springframework.boot.autoconfigure.groovy.template.GroovyTemplateAutoConfiguration, org.springframework.boot.autoconfigure.gson.GsonAutoConfiguration, org.springframework.boot.autoconfigure.hateoas.HypermediaAutoConfiguration, org.springframework.boot.autoconfigure.http.HttpMessageConvertersAutoConfiguration, org.springframework.boot.autoconfigure.jackson.JacksonAutoConfiguration, org.springframework.boot.autoconfigure.jsonb.JsonbAutoConfiguration, org.springframework.boot.autoconfigure.mustache.MustacheAutoConfiguration, org.springframework.boot.autoconfigure.task.TaskExecutionAutoConfiguration, org.springframework.boot.autoconfigure.thymeleaf.ThymeleafAutoConfiguration, org.springframework.boot.autoconfigure.validation.ValidationAutoConfiguration, org.springframework.boot.autoconfigure.web.servlet.error.ErrorMvcAutoConfiguration, org.springframework.boot.autoconfigure.web.servlet.HttpEncodingAutoConfiguration, org.springframework.boot.autoconfigure.web.servlet.WebMvcAutoConfiguration, org.springframework.boot.test.autoconfigure.web.servlet.MockMvcAutoConfiguration, org.springframework.boot.test.autoconfigure.web.servlet.MockMvcWebClientAutoConfiguration, org.springframework.boot.test.autoconfigure.web.servlet.MockMvcWebDriverAutoConfiguration, org.springframework.boot.autoconfigure.security.oauth2.client.servlet.OAuth2ClientAutoConfiguration, org.springframework.boot.autoconfigure.security.oauth2.resource.servlet.OAuth2ResourceServerAutoConfiguration, org.springframework.boot.autoconfigure.security.servlet.SecurityAutoConfiguration, org.springframework.boot.autoconfigure.security.servlet.SecurityFilterAutoConfiguration, org.springframework.boot.autoconfigure.security.servlet.UserDetailsServiceAutoConfiguration, org.springframework.boot.test.autoconfigure.web.servlet.MockMvcSecurityConfiguration, org.springframework.boot.test.autoconfigure.web.reactive.WebTestClientAutoConfiguration]], org.springframework.boot.test.context.filter.ExcludeFilterContextCustomizer@15639440, org.springframework.boot.test.json.DuplicateJsonObjectContextCustomizerFactory$DuplicateJsonObjectContextCustomizer@1cd3b138, org.springframework.boot.test.mock.mockito.MockitoContextCustomizer@a5f24af9, org.springframework.boot.test.context.SpringBootTestArgs@1, org.springframework.boot.test.context.SpringBootTestWebEnvironment@0], resourceBasePath = 'src/main/webapp', contextLoader = 'org.springframework.boot.test.context.SpringBootContextLoader', parent = [null]], attributes = map[[empty]]], class annotated with @DirtiesContext [false] with mode [null].

  .   ____          _            __ _ _
 /\\ / ___'_ __ _ _(_)_ __  __ _ \ \ \ \
( ( )\___ | '_ | '_| | '_ \/ _` | \ \ \ \
 \\/  ___)| |_)| | | | | || (_| |  ) ) ) )
  '  |____| .__|_| |_|_| |_\__, | / / / /
 =========|_|==============|___/=/_/_/_/
 :: Spring Boot ::               (v2.7.10)

2023-03-31 16:56:46.067  INFO 286794 --- [    Test worker] b.c.b.p.a.c.CnabUploadControllerTest     : Starting CnabUploadControllerTest using Java 11.0.17 on bruno-B450-AORUS-M with PID 286794 (started by bruno in /home/bruno/Área de Trabalho/desafio-dev)
2023-03-31 16:56:46.068  INFO 286794 --- [    Test worker] b.c.b.p.a.c.CnabUploadControllerTest     : No active profile set, falling back to 1 default profile: "default"
2023-03-31 16:56:46.783  INFO 286794 --- [    Test worker] o.s.b.t.m.w.SpringBootMockServletContext : Initializing Spring TestDispatcherServlet ''
2023-03-31 16:56:46.783  INFO 286794 --- [    Test worker] o.s.t.web.servlet.TestDispatcherServlet  : Initializing Servlet ''
2023-03-31 16:56:46.784  INFO 286794 --- [    Test worker] o.s.t.web.servlet.TestDispatcherServlet  : Completed initialization in 0 ms
2023-03-31 16:56:46.803  INFO 286794 --- [    Test worker] b.c.b.p.a.c.CnabUploadControllerTest     : Started CnabUploadControllerTest in 0.98 seconds (JVM running for 2.043)
]]></system-out>
  <system-err><![CDATA[]]></system-err>
</testsuite>
