<?xml version="1.0" encoding="UTF-8"?>
<testsuite name="br.com.bycoders.port.adapters.controller.MerchantControllerTest" tests="1" skipped="0" failures="0" errors="0" timestamp="2023-03-31T19:56:47" hostname="bruno-B450-AORUS-M" time="0.06">
  <properties/>
  <testcase name="findByTaxId()" classname="br.com.bycoders.port.adapters.controller.MerchantControllerTest" time="0.06"/>
  <system-out><![CDATA[2023-03-31 16:56:47.058  INFO 286794 --- [    Test worker] .b.t.a.w.s.WebMvcTestContextBootstrapper : Neither @ContextConfiguration nor @ContextHierarchy found for test class [br.com.bycoders.port.adapters.controller.MerchantControllerTest], using SpringBootContextLoader
2023-03-31 16:56:47.058  INFO 286794 --- [    Test worker] o.s.t.c.support.AbstractContextLoader    : Could not detect default resource locations for test class [br.com.bycoders.port.adapters.controller.MerchantControllerTest]: no resource found for suffixes {-context.xml, Context.groovy}.
2023-03-31 16:56:47.058  INFO 286794 --- [    Test worker] t.c.s.AnnotationConfigContextLoaderUtils : Could not detect default configuration classes for test class [br.com.bycoders.port.adapters.controller.MerchantControllerTest]: MerchantControllerTest does not declare any static, non-private, non-final, nested classes annotated with @Configuration.
2023-03-31 16:56:47.061  INFO 286794 --- [    Test worker] .b.t.c.SpringBootTestContextBootstrapper : Found @SpringBootConfiguration br.com.bycoders.CnabServiceApplication for test class br.com.bycoders.port.adapters.controller.MerchantControllerTest
2023-03-31 16:56:47.062  INFO 286794 --- [    Test worker] .b.t.a.w.s.WebMvcTestContextBootstrapper : Loaded default TestExecutionListener class names from location [META-INF/spring.factories]: [org.springframework.boot.test.autoconfigure.restdocs.RestDocsTestExecutionListener, org.springframework.boot.test.autoconfigure.web.client.MockRestServiceServerResetTestExecutionListener, org.springframework.boot.test.autoconfigure.web.servlet.MockMvcPrintOnlyOnFailureTestExecutionListener, org.springframework.boot.test.autoconfigure.web.servlet.WebDriverTestExecutionListener, org.springframework.boot.test.autoconfigure.webservices.client.MockWebServiceServerTestExecutionListener, org.springframework.boot.test.mock.mockito.MockitoTestExecutionListener, org.springframework.boot.test.mock.mockito.ResetMocksTestExecutionListener, org.springframework.test.context.web.ServletTestExecutionListener, org.springframework.test.context.support.DirtiesContextBeforeModesTestExecutionListener, org.springframework.test.context.event.ApplicationEventsTestExecutionListener, org.springframework.test.context.support.DependencyInjectionTestExecutionListener, org.springframework.test.context.support.DirtiesContextTestExecutionListener, org.springframework.test.context.transaction.TransactionalTestExecutionListener, org.springframework.test.context.jdbc.SqlScriptsTestExecutionListener, org.springframework.test.context.event.EventPublishingTestExecutionListener]
2023-03-31 16:56:47.062  INFO 286794 --- [    Test worker] .b.t.a.w.s.WebMvcTestContextBootstrapper : Using TestExecutionListeners: [org.springframework.test.context.web.ServletTestExecutionListener@35d0749, org.springframework.test.context.support.DirtiesContextBeforeModesTestExecutionListener@621a387f, org.springframework.test.context.event.ApplicationEventsTestExecutionListener@552088cc, org.springframework.boot.test.mock.mockito.MockitoTestExecutionListener@57eed461, org.springframework.boot.test.autoconfigure.SpringBootDependencyInjectionTestExecutionListener@3c62f69a, org.springframework.test.context.support.DirtiesContextTestExecutionListener@f08f8a9, org.springframework.test.context.transaction.TransactionalTestExecutionListener@5ebf776c, org.springframework.test.context.jdbc.SqlScriptsTestExecutionListener@7fd3fd06, org.springframework.test.context.event.EventPublishingTestExecutionListener@54ae1240, org.springframework.boot.test.autoconfigure.restdocs.RestDocsTestExecutionListener@1c2b65cc, org.springframework.boot.test.autoconfigure.web.client.MockRestServiceServerResetTestExecutionListener@390a7532, org.springframework.boot.test.autoconfigure.web.servlet.MockMvcPrintOnlyOnFailureTestExecutionListener@595184d8, org.springframework.boot.test.autoconfigure.web.servlet.WebDriverTestExecutionListener@7d49a1a0, org.springframework.boot.test.autoconfigure.webservices.client.MockWebServiceServerTestExecutionListener@3a0baec0, org.springframework.boot.test.mock.mockito.ResetMocksTestExecutionListener@50c2ef56]

  .   ____          _            __ _ _
 /\\ / ___'_ __ _ _(_)_ __  __ _ \ \ \ \
( ( )\___ | '_ | '_| | '_ \/ _` | \ \ \ \
 \\/  ___)| |_)| | | | | || (_| |  ) ) ) )
  '  |____| .__|_| |_|_| |_\__, | / / / /
 =========|_|==============|___/=/_/_/_/
 :: Spring Boot ::               (v2.7.10)

2023-03-31 16:56:47.078  INFO 286794 --- [    Test worker] b.c.b.p.a.c.MerchantControllerTest       : Starting MerchantControllerTest using Java 11.0.17 on bruno-B450-AORUS-M with PID 286794 (started by bruno in /home/bruno/Área de Trabalho/desafio-dev)
2023-03-31 16:56:47.079  INFO 286794 --- [    Test worker] b.c.b.p.a.c.MerchantControllerTest       : No active profile set, falling back to 1 default profile: "default"
2023-03-31 16:56:47.282  INFO 286794 --- [    Test worker] o.s.b.t.m.w.SpringBootMockServletContext : Initializing Spring TestDispatcherServlet ''
2023-03-31 16:56:47.282  INFO 286794 --- [    Test worker] o.s.t.web.servlet.TestDispatcherServlet  : Initializing Servlet ''
2023-03-31 16:56:47.282  INFO 286794 --- [    Test worker] o.s.t.web.servlet.TestDispatcherServlet  : Completed initialization in 0 ms
2023-03-31 16:56:47.290  INFO 286794 --- [    Test worker] b.c.b.p.a.c.MerchantControllerTest       : Started MerchantControllerTest in 0.226 seconds (JVM running for 2.529)
]]></system-out>
  <system-err><![CDATA[]]></system-err>
</testsuite>
