<?xml version="1.0" encoding="UTF-8"?>
<testsuite name="br.com.bycoders.domain.DocumentTransactionTest" tests="1" skipped="0" failures="0" errors="0" timestamp="2023-03-31T19:56:45" hostname="bruno-B450-AORUS-M" time="0.002">
  <properties/>
  <testcase name="getEnumByTransactionType()" classname="br.com.bycoders.domain.DocumentTransactionTest" time="0.002"/>
  <system-out><![CDATA[]]></system-out>
  <system-err><![CDATA[]]></system-err>
</testsuite>
