<?xml version="1.0" encoding="UTF-8"?>
<testsuite name="br.com.bycoders.application.CnabApplicationServiceTest" tests="2" skipped="0" failures="0" errors="0" timestamp="2023-03-31T19:56:45" hostname="bruno-B450-AORUS-M" time="0.182">
  <properties/>
  <testcase name="extractTransactionsToFile()" classname="br.com.bycoders.application.CnabApplicationServiceTest" time="0.13"/>
  <testcase name="whenUploadingAnInvalidFileAnExceptionMustBeReturned()" classname="br.com.bycoders.application.CnabApplicationServiceTest" time="0.051"/>
  <system-out><![CDATA[]]></system-out>
  <system-err><![CDATA[]]></system-err>
</testsuite>
