<?xml version="1.0" encoding="UTF-8"?>
<testsuite name="br.com.bycoders.domain.TransactionTest" tests="10" skipped="0" failures="0" errors="0" timestamp="2023-03-31T19:56:45" hostname="bruno-B450-AORUS-M" time="0.01">
  <properties/>
  <testcase name="convertTransactionDtoToTransaction()" classname="br.com.bycoders.domain.TransactionTest" time="0.003"/>
  <testcase name="whenCreateNewTransactionWithTaxIdInvalidShouldReturnException()" classname="br.com.bycoders.domain.TransactionTest" time="0.001"/>
  <testcase name="createTransaction()" classname="br.com.bycoders.domain.TransactionTest" time="0.001"/>
  <testcase name="whenCreateNewTransactionWithCPFInvalidShouldReturnException()" classname="br.com.bycoders.domain.TransactionTest" time="0.0"/>
  <testcase name="whenCreateNewTransactionWithMerchantNameEmptyShouldReturnException()" classname="br.com.bycoders.domain.TransactionTest" time="0.001"/>
  <testcase name="whenCreateNewTransactionWithTransactionTypeInvalidShouldReturnException()" classname="br.com.bycoders.domain.TransactionTest" time="0.0"/>
  <testcase name="createResponse()" classname="br.com.bycoders.domain.TransactionTest" time="0.0"/>
  <testcase name="whenCreateNewTransactionWithCardEmptyShouldReturnException()" classname="br.com.bycoders.domain.TransactionTest" time="0.001"/>
  <testcase name="whenCreateNewTransactionWithOwnerNameEmptyShouldReturnException()" classname="br.com.bycoders.domain.TransactionTest" time="0.001"/>
  <testcase name="whenCreateNewTransactionWithDateInvalidShouldReturnException()" classname="br.com.bycoders.domain.TransactionTest" time="0.0"/>
  <system-out><![CDATA[]]></system-out>
  <system-err><![CDATA[]]></system-err>
</testsuite>
