<?xml version="1.0" encoding="UTF-8"?>
<testsuite name="br.com.bycoders.application.TransactionApplicationServiceTest" tests="2" skipped="0" failures="0" errors="0" timestamp="2023-03-31T19:56:45" hostname="bruno-B450-AORUS-M" time="0.02">
  <properties/>
  <testcase name="findTransactionByTaxId()" classname="br.com.bycoders.application.TransactionApplicationServiceTest" time="0.016"/>
  <testcase name="shouldSaveTransaction()" classname="br.com.bycoders.application.TransactionApplicationServiceTest" time="0.003"/>
  <system-out><![CDATA[]]></system-out>
  <system-err><![CDATA[]]></system-err>
</testsuite>
